<?xml version="1.0" encoding="UTF-8"?>
<testsuite xmlns:xsi="http://www.w3.org/2001/XMLSchema-instance" xsi:noNamespaceSchemaLocation="https://maven.apache.org/surefire/maven-surefire-plugin/xsd/surefire-test-report.xsd" version="3.0.2" name="pragmatech.digital.workshops.lab2.experiment.BlockBotRequestFilterWebMvcTest" time="0.067" tests="8" errors="0" skipped="0" failures="0">
  <properties>
    <property name="java.specification.version" value="21"/>
    <property name="sun.jnu.encoding" value="UTF-8"/>
    <property name="java.class.path" value="/Users/rieckpil/Development/git/testing-spring-boot-applications-demystified-workshop/labs/lab-2/target/test-classes:/Users/rieckpil/Development/git/testing-spring-boot-applications-demystified-workshop/labs/lab-2/target/classes:/Users/rieckpil/.m2/repository/org/springframework/boot/spring-boot-starter-web/3.4.5/spring-boot-starter-web-3.4.5.jar:/Users/rieckpil/.m2/repository/org/springframework/boot/spring-boot-starter/3.4.5/spring-boot-starter-3.4.5.jar:/Users/rieckpil/.m2/repository/org/springframework/boot/spring-boot/3.4.5/spring-boot-3.4.5.jar:/Users/rieckpil/.m2/repository/org/springframework/boot/spring-boot-starter-logging/3.4.5/spring-boot-starter-logging-3.4.5.jar:/Users/rieckpil/.m2/repository/ch/qos/logback/logback-classic/1.5.18/logback-classic-1.5.18.jar:/Users/rieckpil/.m2/repository/ch/qos/logback/logback-core/1.5.18/logback-core-1.5.18.jar:/Users/rieckpil/.m2/repository/org/apache/logging/log4j/log4j-to-slf4j/2.24.3/log4j-to-slf4j-2.24.3.jar:/Users/rieckpil/.m2/repository/org/apache/logging/log4j/log4j-api/2.24.3/log4j-api-2.24.3.jar:/Users/rieckpil/.m2/repository/org/slf4j/jul-to-slf4j/2.0.17/jul-to-slf4j-2.0.17.jar:/Users/rieckpil/.m2/repository/jakarta/annotation/jakarta.annotation-api/2.1.1/jakarta.annotation-api-2.1.1.jar:/Users/rieckpil/.m2/repository/org/yaml/snakeyaml/2.3/snakeyaml-2.3.jar:/Users/rieckpil/.m2/repository/org/springframework/boot/spring-boot-starter-json/3.4.5/spring-boot-starter-json-3.4.5.jar:/Users/rieckpil/.m2/repository/com/fasterxml/jackson/core/jackson-databind/2.18.3/jackson-databind-2.18.3.jar:/Users/rieckpil/.m2/repository/com/fasterxml/jackson/datatype/jackson-datatype-jdk8/2.18.3/jackson-datatype-jdk8-2.18.3.jar:/Users/rieckpil/.m2/repository/com/fasterxml/jackson/module/jackson-module-parameter-names/2.18.3/jackson-module-parameter-names-2.18.3.jar:/Users/rieckpil/.m2/repository/org/springframework/boot/spring-boot-starter-tomcat/3.4.5/spring-boot-starter-tomcat-3.4.5.jar:/Users/rieckpil/.m2/repository/org/apache/tomcat/embed/tomcat-embed-core/10.1.40/tomcat-embed-core-10.1.40.jar:/Users/rieckpil/.m2/repository/org/apache/tomcat/embed/tomcat-embed-websocket/10.1.40/tomcat-embed-websocket-10.1.40.jar:/Users/rieckpil/.m2/repository/org/springframework/spring-web/6.2.6/spring-web-6.2.6.jar:/Users/rieckpil/.m2/repository/org/springframework/spring-beans/6.2.6/spring-beans-6.2.6.jar:/Users/rieckpil/.m2/repository/io/micrometer/micrometer-observation/1.14.6/micrometer-observation-1.14.6.jar:/Users/rieckpil/.m2/repository/io/micrometer/micrometer-commons/1.14.6/micrometer-commons-1.14.6.jar:/Users/rieckpil/.m2/repository/org/springframework/spring-webmvc/6.2.6/spring-webmvc-6.2.6.jar:/Users/rieckpil/.m2/repository/org/springframework/spring-context/6.2.6/spring-context-6.2.6.jar:/Users/rieckpil/.m2/repository/org/springframework/spring-expression/6.2.6/spring-expression-6.2.6.jar:/Users/rieckpil/.m2/repository/org/springframework/boot/spring-boot-starter-validation/3.4.5/spring-boot-starter-validation-3.4.5.jar:/Users/rieckpil/.m2/repository/org/apache/tomcat/embed/tomcat-embed-el/10.1.40/tomcat-embed-el-10.1.40.jar:/Users/rieckpil/.m2/repository/org/hibernate/validator/hibernate-validator/8.0.2.Final/hibernate-validator-8.0.2.Final.jar:/Users/rieckpil/.m2/repository/jakarta/validation/jakarta.validation-api/3.0.2/jakarta.validation-api-3.0.2.jar:/Users/rieckpil/.m2/repository/org/jboss/logging/jboss-logging/3.6.1.Final/jboss-logging-3.6.1.Final.jar:/Users/rieckpil/.m2/repository/com/fasterxml/classmate/1.7.0/classmate-1.7.0.jar:/Users/rieckpil/.m2/repository/org/springframework/boot/spring-boot-starter-data-jpa/3.4.5/spring-boot-starter-data-jpa-3.4.5.jar:/Users/rieckpil/.m2/repository/org/springframework/boot/spring-boot-starter-jdbc/3.4.5/spring-boot-starter-jdbc-3.4.5.jar:/Users/rieckpil/.m2/repository/com/zaxxer/HikariCP/5.1.0/HikariCP-5.1.0.jar:/Users/rieckpil/.m2/repository/org/springframework/spring-jdbc/6.2.6/spring-jdbc-6.2.6.jar:/Users/rieckpil/.m2/repository/org/hibernate/orm/hibernate-core/6.6.13.Final/hibernate-core-6.6.13.Final.jar:/Users/rieckpil/.m2/repository/jakarta/persistence/jakarta.persistence-api/3.1.0/jakarta.persistence-api-3.1.0.jar:/Users/rieckpil/.m2/repository/jakarta/transaction/jakarta.transaction-api/2.0.1/jakarta.transaction-api-2.0.1.jar:/Users/rieckpil/.m2/repository/org/hibernate/common/hibernate-commons-annotations/7.0.3.Final/hibernate-commons-annotations-7.0.3.Final.jar:/Users/rieckpil/.m2/repository/io/smallrye/jandex/3.2.0/jandex-3.2.0.jar:/Users/rieckpil/.m2/repository/net/bytebuddy/byte-buddy/1.15.11/byte-buddy-1.15.11.jar:/Users/rieckpil/.m2/repository/org/glassfish/jaxb/jaxb-runtime/4.0.5/jaxb-runtime-4.0.5.jar:/Users/rieckpil/.m2/repository/org/glassfish/jaxb/jaxb-core/4.0.5/jaxb-core-4.0.5.jar:/Users/rieckpil/.m2/repository/org/eclipse/angus/angus-activation/2.0.2/angus-activation-2.0.2.jar:/Users/rieckpil/.m2/repository/org/glassfish/jaxb/txw2/4.0.5/txw2-4.0.5.jar:/Users/rieckpil/.m2/repository/com/sun/istack/istack-commons-runtime/4.1.2/istack-commons-runtime-4.1.2.jar:/Users/rieckpil/.m2/repository/jakarta/inject/jakarta.inject-api/2.0.1/jakarta.inject-api-2.0.1.jar:/Users/rieckpil/.m2/repository/org/antlr/antlr4-runtime/4.13.0/antlr4-runtime-4.13.0.jar:/Users/rieckpil/.m2/repository/org/springframework/data/spring-data-jpa/3.4.5/spring-data-jpa-3.4.5.jar:/Users/rieckpil/.m2/repository/org/springframework/data/spring-data-commons/3.4.5/spring-data-commons-3.4.5.jar:/Users/rieckpil/.m2/repository/org/springframework/spring-orm/6.2.6/spring-orm-6.2.6.jar:/Users/rieckpil/.m2/repository/org/springframework/spring-tx/6.2.6/spring-tx-6.2.6.jar:/Users/rieckpil/.m2/repository/org/slf4j/slf4j-api/2.0.17/slf4j-api-2.0.17.jar:/Users/rieckpil/.m2/repository/org/springframework/spring-aspects/6.2.6/spring-aspects-6.2.6.jar:/Users/rieckpil/.m2/repository/org/aspectj/aspectjweaver/1.9.24/aspectjweaver-1.9.24.jar:/Users/rieckpil/.m2/repository/org/springframework/boot/spring-boot-starter-security/3.4.5/spring-boot-starter-security-3.4.5.jar:/Users/rieckpil/.m2/repository/org/springframework/spring-aop/6.2.6/spring-aop-6.2.6.jar:/Users/rieckpil/.m2/repository/org/springframework/security/spring-security-config/6.4.5/spring-security-config-6.4.5.jar:/Users/rieckpil/.m2/repository/org/springframework/security/spring-security-web/6.4.5/spring-security-web-6.4.5.jar:/Users/rieckpil/.m2/repository/com/h2database/h2/2.3.232/h2-2.3.232.jar:/Users/rieckpil/.m2/repository/org/springframework/boot/spring-boot-starter-test/3.4.5/spring-boot-starter-test-3.4.5.jar:/Users/rieckpil/.m2/repository/org/springframework/boot/spring-boot-test/3.4.5/spring-boot-test-3.4.5.jar:/Users/rieckpil/.m2/repository/org/springframework/boot/spring-boot-test-autoconfigure/3.4.5/spring-boot-test-autoconfigure-3.4.5.jar:/Users/rieckpil/.m2/repository/com/jayway/jsonpath/json-path/2.9.0/json-path-2.9.0.jar:/Users/rieckpil/.m2/repository/jakarta/xml/bind/jakarta.xml.bind-api/4.0.2/jakarta.xml.bind-api-4.0.2.jar:/Users/rieckpil/.m2/repository/jakarta/activation/jakarta.activation-api/2.1.3/jakarta.activation-api-2.1.3.jar:/Users/rieckpil/.m2/repository/net/minidev/json-smart/2.5.2/json-smart-2.5.2.jar:/Users/rieckpil/.m2/repository/net/minidev/accessors-smart/2.5.2/accessors-smart-2.5.2.jar:/Users/rieckpil/.m2/repository/org/ow2/asm/asm/9.7.1/asm-9.7.1.jar:/Users/rieckpil/.m2/repository/org/assertj/assertj-core/3.26.3/assertj-core-3.26.3.jar:/Users/rieckpil/.m2/repository/org/awaitility/awaitility/4.2.2/awaitility-4.2.2.jar:/Users/rieckpil/.m2/repository/org/hamcrest/hamcrest/2.2/hamcrest-2.2.jar:/Users/rieckpil/.m2/repository/org/junit/jupiter/junit-jupiter/5.11.4/junit-jupiter-5.11.4.jar:/Users/rieckpil/.m2/repository/org/junit/jupiter/junit-jupiter-api/5.11.4/junit-jupiter-api-5.11.4.jar:/Users/rieckpil/.m2/repository/org/opentest4j/opentest4j/1.3.0/opentest4j-1.3.0.jar:/Users/rieckpil/.m2/repository/org/junit/platform/junit-platform-commons/1.11.4/junit-platform-commons-1.11.4.jar:/Users/rieckpil/.m2/repository/org/apiguardian/apiguardian-api/1.1.2/apiguardian-api-1.1.2.jar:/Users/rieckpil/.m2/repository/org/junit/jupiter/junit-jupiter-params/5.11.4/junit-jupiter-params-5.11.4.jar:/Users/rieckpil/.m2/repository/org/junit/jupiter/junit-jupiter-engine/5.11.4/junit-jupiter-engine-5.11.4.jar:/Users/rieckpil/.m2/repository/org/junit/platform/junit-platform-engine/1.11.4/junit-platform-engine-1.11.4.jar:/Users/rieckpil/.m2/repository/org/mockito/mockito-core/5.14.2/mockito-core-5.14.2.jar:/Users/rieckpil/.m2/repository/net/bytebuddy/byte-buddy-agent/1.15.11/byte-buddy-agent-1.15.11.jar:/Users/rieckpil/.m2/repository/org/objenesis/objenesis/3.3/objenesis-3.3.jar:/Users/rieckpil/.m2/repository/org/mockito/mockito-junit-jupiter/5.14.2/mockito-junit-jupiter-5.14.2.jar:/Users/rieckpil/.m2/repository/org/skyscreamer/jsonassert/1.5.3/jsonassert-1.5.3.jar:/Users/rieckpil/.m2/repository/com/vaadin/external/google/android-json/0.0.20131108.vaadin1/android-json-0.0.20131108.vaadin1.jar:/Users/rieckpil/.m2/repository/org/springframework/spring-core/6.2.6/spring-core-6.2.6.jar:/Users/rieckpil/.m2/repository/org/springframework/spring-jcl/6.2.6/spring-jcl-6.2.6.jar:/Users/rieckpil/.m2/repository/org/springframework/spring-test/6.2.6/spring-test-6.2.6.jar:/Users/rieckpil/.m2/repository/org/xmlunit/xmlunit-core/2.10.0/xmlunit-core-2.10.0.jar:/Users/rieckpil/.m2/repository/org/springframework/boot/spring-boot-testcontainers/3.4.5/spring-boot-testcontainers-3.4.5.jar:/Users/rieckpil/.m2/repository/org/springframework/boot/spring-boot-autoconfigure/3.4.5/spring-boot-autoconfigure-3.4.5.jar:/Users/rieckpil/.m2/repository/org/testcontainers/testcontainers/1.20.6/testcontainers-1.20.6.jar:/Users/rieckpil/.m2/repository/junit/junit/4.13.2/junit-4.13.2.jar:/Users/rieckpil/.m2/repository/org/hamcrest/hamcrest-core/2.2/hamcrest-core-2.2.jar:/Users/rieckpil/.m2/repository/org/apache/commons/commons-compress/1.24.0/commons-compress-1.24.0.jar:/Users/rieckpil/.m2/repository/org/rnorth/duct-tape/duct-tape/1.0.8/duct-tape-1.0.8.jar:/Users/rieckpil/.m2/repository/org/jetbrains/annotations/17.0.0/annotations-17.0.0.jar:/Users/rieckpil/.m2/repository/com/github/docker-java/docker-java-api/3.4.1/docker-java-api-3.4.1.jar:/Users/rieckpil/.m2/repository/com/github/docker-java/docker-java-transport-zerodep/3.4.1/docker-java-transport-zerodep-3.4.1.jar:/Users/rieckpil/.m2/repository/com/github/docker-java/docker-java-transport/3.4.1/docker-java-transport-3.4.1.jar:/Users/rieckpil/.m2/repository/net/java/dev/jna/jna/5.13.0/jna-5.13.0.jar:/Users/rieckpil/.m2/repository/org/testcontainers/junit-jupiter/1.20.6/junit-jupiter-1.20.6.jar:/Users/rieckpil/.m2/repository/org/testcontainers/postgresql/1.20.6/postgresql-1.20.6.jar:/Users/rieckpil/.m2/repository/org/testcontainers/jdbc/1.20.6/jdbc-1.20.6.jar:/Users/rieckpil/.m2/repository/org/testcontainers/database-commons/1.20.6/database-commons-1.20.6.jar:/Users/rieckpil/.m2/repository/org/flywaydb/flyway-core/10.20.1/flyway-core-10.20.1.jar:/Users/rieckpil/.m2/repository/com/fasterxml/jackson/dataformat/jackson-dataformat-toml/2.18.3/jackson-dataformat-toml-2.18.3.jar:/Users/rieckpil/.m2/repository/com/fasterxml/jackson/core/jackson-core/2.18.3/jackson-core-2.18.3.jar:/Users/rieckpil/.m2/repository/com/fasterxml/jackson/datatype/jackson-datatype-jsr310/2.18.3/jackson-datatype-jsr310-2.18.3.jar:/Users/rieckpil/.m2/repository/com/fasterxml/jackson/core/jackson-annotations/2.18.3/jackson-annotations-2.18.3.jar:/Users/rieckpil/.m2/repository/org/flywaydb/flyway-database-postgresql/10.20.1/flyway-database-postgresql-10.20.1.jar:/Users/rieckpil/.m2/repository/org/postgresql/postgresql/42.7.5/postgresql-42.7.5.jar:/Users/rieckpil/.m2/repository/org/checkerframework/checker-qual/3.48.3/checker-qual-3.48.3.jar:/Users/rieckpil/.m2/repository/org/springframework/security/spring-security-test/6.4.5/spring-security-test-6.4.5.jar:/Users/rieckpil/.m2/repository/org/springframework/security/spring-security-core/6.4.5/spring-security-core-6.4.5.jar:/Users/rieckpil/.m2/repository/org/springframework/security/spring-security-crypto/6.4.5/spring-security-crypto-6.4.5.jar:"/>
    <property name="java.vm.vendor" value="Eclipse Adoptium"/>
    <property name="sun.arch.data.model" value="64"/>
    <property name="java.vendor.url" value="https://adoptium.net/"/>
    <property name="user.timezone" value="Europe/Madrid"/>
    <property name="org.jboss.logging.provider" value="slf4j"/>
    <property name="os.name" value="Mac OS X"/>
    <property name="java.vm.specification.version" value="21"/>
    <property name="sun.java.launcher" value="SUN_STANDARD"/>
    <property name="user.country" value="US"/>
    <property name="sun.boot.library.path" value="/Users/rieckpil/.sdkman/candidates/java/21.0.6-tem/lib"/>
    <property name="sun.java.command" value="/Users/rieckpil/Development/git/testing-spring-boot-applications-demystified-workshop/labs/lab-2/target/surefire/surefirebooter-20250521081435121_10.jar /Users/rieckpil/Development/git/testing-spring-boot-applications-demystified-workshop/labs/lab-2/target/surefire 2025-05-21T08-14-31_012-jvmRun1 surefire-20250521081435121_8tmp surefire_1-20250521081435121_9tmp"/>
    <property name="http.nonProxyHosts" value="local|*.local|169.254/16|*.169.254/16"/>
    <property name="jdk.debug" value="release"/>
    <property name="surefire.test.class.path" value="/Users/rieckpil/Development/git/testing-spring-boot-applications-demystified-workshop/labs/lab-2/target/test-classes:/Users/rieckpil/Development/git/testing-spring-boot-applications-demystified-workshop/labs/lab-2/target/classes:/Users/rieckpil/.m2/repository/org/springframework/boot/spring-boot-starter-web/3.4.5/spring-boot-starter-web-3.4.5.jar:/Users/rieckpil/.m2/repository/org/springframework/boot/spring-boot-starter/3.4.5/spring-boot-starter-3.4.5.jar:/Users/rieckpil/.m2/repository/org/springframework/boot/spring-boot/3.4.5/spring-boot-3.4.5.jar:/Users/rieckpil/.m2/repository/org/springframework/boot/spring-boot-starter-logging/3.4.5/spring-boot-starter-logging-3.4.5.jar:/Users/rieckpil/.m2/repository/ch/qos/logback/logback-classic/1.5.18/logback-classic-1.5.18.jar:/Users/rieckpil/.m2/repository/ch/qos/logback/logback-core/1.5.18/logback-core-1.5.18.jar:/Users/rieckpil/.m2/repository/org/apache/logging/log4j/log4j-to-slf4j/2.24.3/log4j-to-slf4j-2.24.3.jar:/Users/rieckpil/.m2/repository/org/apache/logging/log4j/log4j-api/2.24.3/log4j-api-2.24.3.jar:/Users/rieckpil/.m2/repository/org/slf4j/jul-to-slf4j/2.0.17/jul-to-slf4j-2.0.17.jar:/Users/rieckpil/.m2/repository/jakarta/annotation/jakarta.annotation-api/2.1.1/jakarta.annotation-api-2.1.1.jar:/Users/rieckpil/.m2/repository/org/yaml/snakeyaml/2.3/snakeyaml-2.3.jar:/Users/rieckpil/.m2/repository/org/springframework/boot/spring-boot-starter-json/3.4.5/spring-boot-starter-json-3.4.5.jar:/Users/rieckpil/.m2/repository/com/fasterxml/jackson/core/jackson-databind/2.18.3/jackson-databind-2.18.3.jar:/Users/rieckpil/.m2/repository/com/fasterxml/jackson/datatype/jackson-datatype-jdk8/2.18.3/jackson-datatype-jdk8-2.18.3.jar:/Users/rieckpil/.m2/repository/com/fasterxml/jackson/module/jackson-module-parameter-names/2.18.3/jackson-module-parameter-names-2.18.3.jar:/Users/rieckpil/.m2/repository/org/springframework/boot/spring-boot-starter-tomcat/3.4.5/spring-boot-starter-tomcat-3.4.5.jar:/Users/rieckpil/.m2/repository/org/apache/tomcat/embed/tomcat-embed-core/10.1.40/tomcat-embed-core-10.1.40.jar:/Users/rieckpil/.m2/repository/org/apache/tomcat/embed/tomcat-embed-websocket/10.1.40/tomcat-embed-websocket-10.1.40.jar:/Users/rieckpil/.m2/repository/org/springframework/spring-web/6.2.6/spring-web-6.2.6.jar:/Users/rieckpil/.m2/repository/org/springframework/spring-beans/6.2.6/spring-beans-6.2.6.jar:/Users/rieckpil/.m2/repository/io/micrometer/micrometer-observation/1.14.6/micrometer-observation-1.14.6.jar:/Users/rieckpil/.m2/repository/io/micrometer/micrometer-commons/1.14.6/micrometer-commons-1.14.6.jar:/Users/rieckpil/.m2/repository/org/springframework/spring-webmvc/6.2.6/spring-webmvc-6.2.6.jar:/Users/rieckpil/.m2/repository/org/springframework/spring-context/6.2.6/spring-context-6.2.6.jar:/Users/rieckpil/.m2/repository/org/springframework/spring-expression/6.2.6/spring-expression-6.2.6.jar:/Users/rieckpil/.m2/repository/org/springframework/boot/spring-boot-starter-validation/3.4.5/spring-boot-starter-validation-3.4.5.jar:/Users/rieckpil/.m2/repository/org/apache/tomcat/embed/tomcat-embed-el/10.1.40/tomcat-embed-el-10.1.40.jar:/Users/rieckpil/.m2/repository/org/hibernate/validator/hibernate-validator/8.0.2.Final/hibernate-validator-8.0.2.Final.jar:/Users/rieckpil/.m2/repository/jakarta/validation/jakarta.validation-api/3.0.2/jakarta.validation-api-3.0.2.jar:/Users/rieckpil/.m2/repository/org/jboss/logging/jboss-logging/3.6.1.Final/jboss-logging-3.6.1.Final.jar:/Users/rieckpil/.m2/repository/com/fasterxml/classmate/1.7.0/classmate-1.7.0.jar:/Users/rieckpil/.m2/repository/org/springframework/boot/spring-boot-starter-data-jpa/3.4.5/spring-boot-starter-data-jpa-3.4.5.jar:/Users/rieckpil/.m2/repository/org/springframework/boot/spring-boot-starter-jdbc/3.4.5/spring-boot-starter-jdbc-3.4.5.jar:/Users/rieckpil/.m2/repository/com/zaxxer/HikariCP/5.1.0/HikariCP-5.1.0.jar:/Users/rieckpil/.m2/repository/org/springframework/spring-jdbc/6.2.6/spring-jdbc-6.2.6.jar:/Users/rieckpil/.m2/repository/org/hibernate/orm/hibernate-core/6.6.13.Final/hibernate-core-6.6.13.Final.jar:/Users/rieckpil/.m2/repository/jakarta/persistence/jakarta.persistence-api/3.1.0/jakarta.persistence-api-3.1.0.jar:/Users/rieckpil/.m2/repository/jakarta/transaction/jakarta.transaction-api/2.0.1/jakarta.transaction-api-2.0.1.jar:/Users/rieckpil/.m2/repository/org/hibernate/common/hibernate-commons-annotations/7.0.3.Final/hibernate-commons-annotations-7.0.3.Final.jar:/Users/rieckpil/.m2/repository/io/smallrye/jandex/3.2.0/jandex-3.2.0.jar:/Users/rieckpil/.m2/repository/net/bytebuddy/byte-buddy/1.15.11/byte-buddy-1.15.11.jar:/Users/rieckpil/.m2/repository/org/glassfish/jaxb/jaxb-runtime/4.0.5/jaxb-runtime-4.0.5.jar:/Users/rieckpil/.m2/repository/org/glassfish/jaxb/jaxb-core/4.0.5/jaxb-core-4.0.5.jar:/Users/rieckpil/.m2/repository/org/eclipse/angus/angus-activation/2.0.2/angus-activation-2.0.2.jar:/Users/rieckpil/.m2/repository/org/glassfish/jaxb/txw2/4.0.5/txw2-4.0.5.jar:/Users/rieckpil/.m2/repository/com/sun/istack/istack-commons-runtime/4.1.2/istack-commons-runtime-4.1.2.jar:/Users/rieckpil/.m2/repository/jakarta/inject/jakarta.inject-api/2.0.1/jakarta.inject-api-2.0.1.jar:/Users/rieckpil/.m2/repository/org/antlr/antlr4-runtime/4.13.0/antlr4-runtime-4.13.0.jar:/Users/rieckpil/.m2/repository/org/springframework/data/spring-data-jpa/3.4.5/spring-data-jpa-3.4.5.jar:/Users/rieckpil/.m2/repository/org/springframework/data/spring-data-commons/3.4.5/spring-data-commons-3.4.5.jar:/Users/rieckpil/.m2/repository/org/springframework/spring-orm/6.2.6/spring-orm-6.2.6.jar:/Users/rieckpil/.m2/repository/org/springframework/spring-tx/6.2.6/spring-tx-6.2.6.jar:/Users/rieckpil/.m2/repository/org/slf4j/slf4j-api/2.0.17/slf4j-api-2.0.17.jar:/Users/rieckpil/.m2/repository/org/springframework/spring-aspects/6.2.6/spring-aspects-6.2.6.jar:/Users/rieckpil/.m2/repository/org/aspectj/aspectjweaver/1.9.24/aspectjweaver-1.9.24.jar:/Users/rieckpil/.m2/repository/org/springframework/boot/spring-boot-starter-security/3.4.5/spring-boot-starter-security-3.4.5.jar:/Users/rieckpil/.m2/repository/org/springframework/spring-aop/6.2.6/spring-aop-6.2.6.jar:/Users/rieckpil/.m2/repository/org/springframework/security/spring-security-config/6.4.5/spring-security-config-6.4.5.jar:/Users/rieckpil/.m2/repository/org/springframework/security/spring-security-web/6.4.5/spring-security-web-6.4.5.jar:/Users/rieckpil/.m2/repository/com/h2database/h2/2.3.232/h2-2.3.232.jar:/Users/rieckpil/.m2/repository/org/springframework/boot/spring-boot-starter-test/3.4.5/spring-boot-starter-test-3.4.5.jar:/Users/rieckpil/.m2/repository/org/springframework/boot/spring-boot-test/3.4.5/spring-boot-test-3.4.5.jar:/Users/rieckpil/.m2/repository/org/springframework/boot/spring-boot-test-autoconfigure/3.4.5/spring-boot-test-autoconfigure-3.4.5.jar:/Users/rieckpil/.m2/repository/com/jayway/jsonpath/json-path/2.9.0/json-path-2.9.0.jar:/Users/rieckpil/.m2/repository/jakarta/xml/bind/jakarta.xml.bind-api/4.0.2/jakarta.xml.bind-api-4.0.2.jar:/Users/rieckpil/.m2/repository/jakarta/activation/jakarta.activation-api/2.1.3/jakarta.activation-api-2.1.3.jar:/Users/rieckpil/.m2/repository/net/minidev/json-smart/2.5.2/json-smart-2.5.2.jar:/Users/rieckpil/.m2/repository/net/minidev/accessors-smart/2.5.2/accessors-smart-2.5.2.jar:/Users/rieckpil/.m2/repository/org/ow2/asm/asm/9.7.1/asm-9.7.1.jar:/Users/rieckpil/.m2/repository/org/assertj/assertj-core/3.26.3/assertj-core-3.26.3.jar:/Users/rieckpil/.m2/repository/org/awaitility/awaitility/4.2.2/awaitility-4.2.2.jar:/Users/rieckpil/.m2/repository/org/hamcrest/hamcrest/2.2/hamcrest-2.2.jar:/Users/rieckpil/.m2/repository/org/junit/jupiter/junit-jupiter/5.11.4/junit-jupiter-5.11.4.jar:/Users/rieckpil/.m2/repository/org/junit/jupiter/junit-jupiter-api/5.11.4/junit-jupiter-api-5.11.4.jar:/Users/rieckpil/.m2/repository/org/opentest4j/opentest4j/1.3.0/opentest4j-1.3.0.jar:/Users/rieckpil/.m2/repository/org/junit/platform/junit-platform-commons/1.11.4/junit-platform-commons-1.11.4.jar:/Users/rieckpil/.m2/repository/org/apiguardian/apiguardian-api/1.1.2/apiguardian-api-1.1.2.jar:/Users/rieckpil/.m2/repository/org/junit/jupiter/junit-jupiter-params/5.11.4/junit-jupiter-params-5.11.4.jar:/Users/rieckpil/.m2/repository/org/junit/jupiter/junit-jupiter-engine/5.11.4/junit-jupiter-engine-5.11.4.jar:/Users/rieckpil/.m2/repository/org/junit/platform/junit-platform-engine/1.11.4/junit-platform-engine-1.11.4.jar:/Users/rieckpil/.m2/repository/org/mockito/mockito-core/5.14.2/mockito-core-5.14.2.jar:/Users/rieckpil/.m2/repository/net/bytebuddy/byte-buddy-agent/1.15.11/byte-buddy-agent-1.15.11.jar:/Users/rieckpil/.m2/repository/org/objenesis/objenesis/3.3/objenesis-3.3.jar:/Users/rieckpil/.m2/repository/org/mockito/mockito-junit-jupiter/5.14.2/mockito-junit-jupiter-5.14.2.jar:/Users/rieckpil/.m2/repository/org/skyscreamer/jsonassert/1.5.3/jsonassert-1.5.3.jar:/Users/rieckpil/.m2/repository/com/vaadin/external/google/android-json/0.0.20131108.vaadin1/android-json-0.0.20131108.vaadin1.jar:/Users/rieckpil/.m2/repository/org/springframework/spring-core/6.2.6/spring-core-6.2.6.jar:/Users/rieckpil/.m2/repository/org/springframework/spring-jcl/6.2.6/spring-jcl-6.2.6.jar:/Users/rieckpil/.m2/repository/org/springframework/spring-test/6.2.6/spring-test-6.2.6.jar:/Users/rieckpil/.m2/repository/org/xmlunit/xmlunit-core/2.10.0/xmlunit-core-2.10.0.jar:/Users/rieckpil/.m2/repository/org/springframework/boot/spring-boot-testcontainers/3.4.5/spring-boot-testcontainers-3.4.5.jar:/Users/rieckpil/.m2/repository/org/springframework/boot/spring-boot-autoconfigure/3.4.5/spring-boot-autoconfigure-3.4.5.jar:/Users/rieckpil/.m2/repository/org/testcontainers/testcontainers/1.20.6/testcontainers-1.20.6.jar:/Users/rieckpil/.m2/repository/junit/junit/4.13.2/junit-4.13.2.jar:/Users/rieckpil/.m2/repository/org/hamcrest/hamcrest-core/2.2/hamcrest-core-2.2.jar:/Users/rieckpil/.m2/repository/org/apache/commons/commons-compress/1.24.0/commons-compress-1.24.0.jar:/Users/rieckpil/.m2/repository/org/rnorth/duct-tape/duct-tape/1.0.8/duct-tape-1.0.8.jar:/Users/rieckpil/.m2/repository/org/jetbrains/annotations/17.0.0/annotations-17.0.0.jar:/Users/rieckpil/.m2/repository/com/github/docker-java/docker-java-api/3.4.1/docker-java-api-3.4.1.jar:/Users/rieckpil/.m2/repository/com/github/docker-java/docker-java-transport-zerodep/3.4.1/docker-java-transport-zerodep-3.4.1.jar:/Users/rieckpil/.m2/repository/com/github/docker-java/docker-java-transport/3.4.1/docker-java-transport-3.4.1.jar:/Users/rieckpil/.m2/repository/net/java/dev/jna/jna/5.13.0/jna-5.13.0.jar:/Users/rieckpil/.m2/repository/org/testcontainers/junit-jupiter/1.20.6/junit-jupiter-1.20.6.jar:/Users/rieckpil/.m2/repository/org/testcontainers/postgresql/1.20.6/postgresql-1.20.6.jar:/Users/rieckpil/.m2/repository/org/testcontainers/jdbc/1.20.6/jdbc-1.20.6.jar:/Users/rieckpil/.m2/repository/org/testcontainers/database-commons/1.20.6/database-commons-1.20.6.jar:/Users/rieckpil/.m2/repository/org/flywaydb/flyway-core/10.20.1/flyway-core-10.20.1.jar:/Users/rieckpil/.m2/repository/com/fasterxml/jackson/dataformat/jackson-dataformat-toml/2.18.3/jackson-dataformat-toml-2.18.3.jar:/Users/rieckpil/.m2/repository/com/fasterxml/jackson/core/jackson-core/2.18.3/jackson-core-2.18.3.jar:/Users/rieckpil/.m2/repository/com/fasterxml/jackson/datatype/jackson-datatype-jsr310/2.18.3/jackson-datatype-jsr310-2.18.3.jar:/Users/rieckpil/.m2/repository/com/fasterxml/jackson/core/jackson-annotations/2.18.3/jackson-annotations-2.18.3.jar:/Users/rieckpil/.m2/repository/org/flywaydb/flyway-database-postgresql/10.20.1/flyway-database-postgresql-10.20.1.jar:/Users/rieckpil/.m2/repository/org/postgresql/postgresql/42.7.5/postgresql-42.7.5.jar:/Users/rieckpil/.m2/repository/org/checkerframework/checker-qual/3.48.3/checker-qual-3.48.3.jar:/Users/rieckpil/.m2/repository/org/springframework/security/spring-security-test/6.4.5/spring-security-test-6.4.5.jar:/Users/rieckpil/.m2/repository/org/springframework/security/spring-security-core/6.4.5/spring-security-core-6.4.5.jar:/Users/rieckpil/.m2/repository/org/springframework/security/spring-security-crypto/6.4.5/spring-security-crypto-6.4.5.jar:"/>
    <property name="sun.cpu.endian" value="little"/>
    <property name="user.home" value="/Users/rieckpil"/>
    <property name="user.language" value="en"/>
    <property name="java.specification.vendor" value="Oracle Corporation"/>
    <property name="java.version.date" value="2025-01-21"/>
    <property name="java.home" value="/Users/rieckpil/.sdkman/candidates/java/21.0.6-tem"/>
    <property name="file.separator" value="/"/>
    <property name="basedir" value="/Users/rieckpil/Development/git/testing-spring-boot-applications-demystified-workshop/labs/lab-2"/>
    <property name="java.vm.compressedOopsMode" value="Zero based"/>
    <property name="line.separator" value="&#10;"/>
    <property name="java.vm.specification.vendor" value="Oracle Corporation"/>
    <property name="java.specification.name" value="Java Platform API Specification"/>
    <property name="FILE_LOG_CHARSET" value="UTF-8"/>
    <property name="java.awt.headless" value="true"/>
    <property name="apple.awt.application.name" value="ForkedBooter"/>
    <property name="surefire.real.class.path" value="/Users/rieckpil/Development/git/testing-spring-boot-applications-demystified-workshop/labs/lab-2/target/surefire/surefirebooter-20250521081435121_10.jar"/>
    <property name="polyglot.engine.WarnInterpreterOnly" value="false"/>
    <property name="sun.management.compiler" value="HotSpot 64-Bit Tiered Compilers"/>
    <property name="ftp.nonProxyHosts" value="local|*.local|169.254/16|*.169.254/16"/>
    <property name="java.runtime.version" value="21.0.6+7-LTS"/>
    <property name="user.name" value="rieckpil"/>
    <property name="stdout.encoding" value="UTF-8"/>
    <property name="path.separator" value=":"/>
    <property name="os.version" value="15.4.1"/>
    <property name="java.runtime.name" value="OpenJDK Runtime Environment"/>
    <property name="file.encoding" value="UTF-8"/>
    <property name="java.vm.name" value="OpenJDK 64-Bit Server VM"/>
    <property name="java.vendor.version" value="Temurin-21.0.6+7"/>
    <property name="localRepository" value="/Users/rieckpil/.m2/repository"/>
    <property name="java.vendor.url.bug" value="https://github.com/adoptium/adoptium-support/issues"/>
    <property name="java.io.tmpdir" value="/var/folders/8z/msjkbjb16x34d8b05hc1s1qh0000gn/T/"/>
    <property name="com.zaxxer.hikari.pool_number" value="3"/>
    <property name="java.version" value="21.0.6"/>
    <property name="user.dir" value="/Users/rieckpil/Development/git/testing-spring-boot-applications-demystified-workshop/labs/lab-2"/>
    <property name="os.arch" value="aarch64"/>
    <property name="java.vm.specification.name" value="Java Virtual Machine Specification"/>
    <property name="PID" value="77313"/>
    <property name="CONSOLE_LOG_CHARSET" value="UTF-8"/>
    <property name="native.encoding" value="UTF-8"/>
    <property name="java.library.path" value="/Users/rieckpil/Library/Java/Extensions:/Library/Java/Extensions:/Network/Library/Java/Extensions:/System/Library/Java/Extensions:/usr/lib/java:."/>
    <property name="java.vm.info" value="mixed mode, sharing"/>
    <property name="stderr.encoding" value="UTF-8"/>
    <property name="java.vendor" value="Eclipse Adoptium"/>
    <property name="java.vm.version" value="21.0.6+7-LTS"/>
    <property name="sun.io.unicode.encoding" value="UnicodeBig"/>
    <property name="socksNonProxyHosts" value="local|*.local|169.254/16|*.169.254/16"/>
    <property name="java.class.version" value="65.0"/>
  </properties>
  <testcase name="shouldAllowRequestWhenUserAgentIsEmpty" classname="pragmatech.digital.workshops.lab2.experiment.BlockBotRequestFilterWebMvcTest" time="0.002">
    <system-out><![CDATA[2025-05-21T08:14:42.498+02:00  INFO 77313 --- [           main] t.c.s.AnnotationConfigContextLoaderUtils : Could not detect default configuration classes for test class [pragmatech.digital.workshops.lab2.experiment.BlockBotRequestFilterWebMvcTest]: BlockBotRequestFilterWebMvcTest does not declare any static, non-private, non-final, nested classes annotated with @Configuration.
2025-05-21T08:14:42.501+02:00  INFO 77313 --- [           main] .b.t.c.SpringBootTestContextBootstrapper : Found @SpringBootConfiguration pragmatech.digital.workshops.lab2.Lab2Application for test class pragmatech.digital.workshops.lab2.experiment.BlockBotRequestFilterWebMvcTest

  .   ____          _            __ _ _
 /\\ / ___'_ __ _ _(_)_ __  __ _ \ \ \ \
( ( )\___ | '_ | '_| | '_ \/ _` | \ \ \ \
 \\/  ___)| |_)| | | | | || (_| |  ) ) ) )
  '  |____| .__|_| |_|_| |_\__, | / / / /
 =========|_|==============|___/=/_/_/_/

 :: Spring Boot ::                (v3.4.5)

2025-05-21T08:14:42.507+02:00  INFO 77313 --- [           main] .d.w.l.e.BlockBotRequestFilterWebMvcTest : Starting BlockBotRequestFilterWebMvcTest using Java 21.0.6 with PID 77313 (started by rieckpil in /Users/rieckpil/Development/git/testing-spring-boot-applications-demystified-workshop/labs/lab-2)
2025-05-21T08:14:42.507+02:00  INFO 77313 --- [           main] .d.w.l.e.BlockBotRequestFilterWebMvcTest : No active profile set, falling back to 1 default profile: "default"
2025-05-21T08:14:42.544+02:00  INFO 77313 --- [           main] o.s.b.t.m.w.SpringBootMockServletContext : Initializing Spring TestDispatcherServlet ''
2025-05-21T08:14:42.544+02:00  INFO 77313 --- [           main] o.s.t.web.servlet.TestDispatcherServlet  : Initializing Servlet ''
2025-05-21T08:14:42.544+02:00  INFO 77313 --- [           main] o.s.t.web.servlet.TestDispatcherServlet  : Completed initialization in 0 ms
2025-05-21T08:14:42.546+02:00  INFO 77313 --- [           main] .d.w.l.e.BlockBotRequestFilterWebMvcTest : Started BlockBotRequestFilterWebMvcTest in 0.044 seconds (process running for 7.411)
]]></system-out>
  </testcase>
  <testcase name="shouldAllowRequestWhenRegularUserAgent" classname="pragmatech.digital.workshops.lab2.experiment.BlockBotRequestFilterWebMvcTest" time="0.0"/>
  <testcase name="shouldReturnTeapotStatusWhenRequestComesFromLlmBot(String)[1]" classname="pragmatech.digital.workshops.lab2.experiment.BlockBotRequestFilterWebMvcTest" time="0.005">
    <system-out><![CDATA[2025-05-21T08:14:42.559+02:00  WARN 77313 --- [           main] p.d.w.lab2.config.BlockBotRequestFilter  : Blocked request from LLM bot with User-Agent: mozilla/5.0 (compatible; openai/1.0)
]]></system-out>
  </testcase>
  <testcase name="shouldReturnTeapotStatusWhenRequestComesFromLlmBot(String)[2]" classname="pragmatech.digital.workshops.lab2.experiment.BlockBotRequestFilterWebMvcTest" time="0.001">
    <system-out><![CDATA[2025-05-21T08:14:42.561+02:00  WARN 77313 --- [           main] p.d.w.lab2.config.BlockBotRequestFilter  : Blocked request from LLM bot with User-Agent: mozilla/5.0 claude-web/1.0
]]></system-out>
  </testcase>
  <testcase name="shouldReturnTeapotStatusWhenRequestComesFromLlmBot(String)[3]" classname="pragmatech.digital.workshops.lab2.experiment.BlockBotRequestFilterWebMvcTest" time="0.001">
    <system-out><![CDATA[2025-05-21T08:14:42.562+02:00  WARN 77313 --- [           main] p.d.w.lab2.config.BlockBotRequestFilter  : Blocked request from LLM bot with User-Agent: anthropic-ai-bot/1.0
]]></system-out>
  </testcase>
  <testcase name="shouldReturnTeapotStatusWhenRequestComesFromLlmBot(String)[4]" classname="pragmatech.digital.workshops.lab2.experiment.BlockBotRequestFilterWebMvcTest" time="0.001">
    <system-out><![CDATA[2025-05-21T08:14:42.563+02:00  WARN 77313 --- [           main] p.d.w.lab2.config.BlockBotRequestFilter  : Blocked request from LLM bot with User-Agent: chatgpt-user/3.0
]]></system-out>
  </testcase>
  <testcase name="shouldReturnTeapotStatusWhenRequestComesFromLlmBot(String)[5]" classname="pragmatech.digital.workshops.lab2.experiment.BlockBotRequestFilterWebMvcTest" time="0.001">
    <system-out><![CDATA[2025-05-21T08:14:42.564+02:00  WARN 77313 --- [           main] p.d.w.lab2.config.BlockBotRequestFilter  : Blocked request from LLM bot with User-Agent: gpt-4 browser helper/1.0
]]></system-out>
  </testcase>
  <testcase name="shouldAllowRequestWhenUserAgentHeaderIsMissing" classname="pragmatech.digital.workshops.lab2.experiment.BlockBotRequestFilterWebMvcTest" time="0.001"/>
</testsuite>